[ectDao][INFO] 2557-05-03 19:51:24.063 main [org.springframework.orm.hibernate3.annotation.AnnotationSessionFactoryBean:780]Building new Hibernate SessionFactory
[ectDao][DEBUG] 2557-05-03 19:51:26.594 main [org.springframework.orm.hibernate3.SessionFactoryUtils:322]Opening Hibernate Session
[ectDao][DEBUG] 2557-05-03 19:51:27.085 main [org.springframework.orm.hibernate3.HibernateTemplate:389]Eagerly flushing Hibernate session
[ectDao][DEBUG] 2557-05-03 19:51:27.086 main [org.springframework.orm.hibernate3.SessionFactoryUtils:800]Closing Hibernate Session
[ectDao][DEBUG] 2557-05-03 19:51:27.094 main [org.springframework.orm.hibernate3.SessionFactoryUtils:322]Opening Hibernate Session
[ectDao][DEBUG] 2557-05-03 19:51:27.504 main [org.springframework.orm.hibernate3.HibernateTemplate:389]Eagerly flushing Hibernate session
[ectDao][DEBUG] 2557-05-03 19:51:27.513 main [org.springframework.orm.hibernate3.SessionFactoryUtils:800]Closing Hibernate Session
[ectDao][DEBUG] 2557-05-03 19:51:27.716 main [org.springframework.orm.hibernate3.HibernateTransactionManager:366]Creating new transaction with name [testAdminManagementDao]: PROPAGATION_REQUIRED,ISOLATION_DEFAULT; ''
[ectDao][DEBUG] 2557-05-03 19:51:27.718 main [org.springframework.orm.hibernate3.HibernateTransactionManager:494]Opened new Session [org.hibernate.impl.SessionImpl@54790d5a] for Hibernate transaction
[ectDao][DEBUG] 2557-05-03 19:51:27.721 main [org.springframework.orm.hibernate3.HibernateTransactionManager:505]Preparing JDBC Connection of Hibernate Session [org.hibernate.impl.SessionImpl@54790d5a]
[ectDao][DEBUG] 2557-05-03 19:51:28.028 main [org.springframework.orm.hibernate3.HibernateTransactionManager:570]Exposing Hibernate transaction as JDBC transaction [ConnectionID:4 ClientConnectionId: 4965c315-db2e-4579-be76-f39a3da25129]
[ectDao][DEBUG] 2557-05-03 19:51:28.030 main [org.springframework.orm.hibernate3.HibernateTemplate:397]Found thread-bound Session for HibernateTemplate
[ectDao][DEBUG] 2557-05-03 19:51:29.283 main [org.springframework.orm.hibernate3.HibernateTemplate:422]Not closing pre-bound Hibernate Session after HibernateTemplate
[ectDao][DEBUG] 2557-05-03 19:51:29.292 main [org.springframework.orm.hibernate3.HibernateTransactionManager:936]Triggering beforeCompletion synchronization
[ectDao][DEBUG] 2557-05-03 19:51:29.293 main [org.springframework.orm.hibernate3.HibernateTransactionManager:844]Initiating transaction rollback
[ectDao][DEBUG] 2557-05-03 19:51:29.293 main [org.springframework.orm.hibernate3.HibernateTransactionManager:673]Rolling back Hibernate transaction on Session [org.hibernate.impl.SessionImpl@54790d5a]
[ectDao][DEBUG] 2557-05-03 19:51:29.364 main [org.springframework.orm.hibernate3.HibernateTransactionManager:965]Triggering afterCompletion synchronization
[ectDao][DEBUG] 2557-05-03 19:51:29.365 main [org.springframework.orm.hibernate3.HibernateTransactionManager:735]Closing Hibernate Session [org.hibernate.impl.SessionImpl@54790d5a] after transaction
[ectDao][DEBUG] 2557-05-03 19:51:29.365 main [org.springframework.orm.hibernate3.SessionFactoryUtils:800]Closing Hibernate Session
[ectDao][INFO] 2557-05-03 19:51:29.379 Thread-1 [org.springframework.orm.hibernate3.annotation.AnnotationSessionFactoryBean:223]Closing Hibernate SessionFactory
