[ectDao][INFO] 2013-09-22 00:59:05.374 main [com.ect.test.app.Test:26]Test!!
[ectDao][INFO] 2013-09-22 01:00:04.675 main [com.ect.test.app.Test:26]Test!!
[ectDao][INFO] 2013-09-22 01:03:08.065 main [com.ect.test.app.Test:26]Test!!
[ectDao][INFO] 2013-09-22 01:03:08.652 main [org.springframework.orm.hibernate3.annotation.AnnotationSessionFactoryBean:730]Building new Hibernate SessionFactory
[ectDao][INFO] 2013-09-22 02:48:07.430 main [com.ect.test.app.Test:26]Test!!
[ectDao][INFO] 2013-09-22 02:54:51.165 main [com.ect.test.app.Test:26]Test!!
[ectDao][INFO] 2013-09-22 03:03:53.749 main [com.ect.test.app.Test:26]Test!!
[ectDao][INFO] 2013-09-22 03:06:43.140 main [com.ect.test.app.Test:26]Test!!
[ectDao][INFO] 2013-09-22 03:06:43.922 main [org.springframework.orm.hibernate3.annotation.AnnotationSessionFactoryBean:730]Building new Hibernate SessionFactory
[ectDao][WARN] 2013-09-22 03:06:58.143 main [org.hibernate.util.JDBCExceptionReporter:77]SQL Error: 0, SQLState: 08S01
[ectDao][ERROR] 2013-09-22 03:06:58.143 main [org.hibernate.util.JDBCExceptionReporter:78]The TCP/IP connection to the host localhostMSSQLSERVER, port 1433 has failed. Error: "null. Verify the connection properties. Make sure that an instance of SQL Server is running on the host and accepting TCP/IP connections at the port. Make sure that TCP connections to the port are not blocked by a firewall.".
[ectDao][WARN] 2013-09-22 03:06:58.145 main [org.hibernate.cfg.SettingsFactory:117]Could not obtain connection metadata
com.microsoft.sqlserver.jdbc.SQLServerException: The TCP/IP connection to the host localhostMSSQLSERVER, port 1433 has failed. Error: "null. Verify the connection properties. Make sure that an instance of SQL Server is running on the host and accepting TCP/IP connections at the port. Make sure that TCP connections to the port are not blocked by a firewall.".
	at com.microsoft.sqlserver.jdbc.SQLServerException.makeFromDriverError(SQLServerException.java:190)
	at com.microsoft.sqlserver.jdbc.SQLServerException.ConvertConnectExceptionToSQLServerException(SQLServerException.java:241)
	at com.microsoft.sqlserver.jdbc.SocketFinder.findSocket(IOBuffer.java:2243)
	at com.microsoft.sqlserver.jdbc.TDSChannel.open(IOBuffer.java:491)
	at com.microsoft.sqlserver.jdbc.SQLServerConnection.connectHelper(SQLServerConnection.java:1309)
	at com.microsoft.sqlserver.jdbc.SQLServerConnection.login(SQLServerConnection.java:991)
	at com.microsoft.sqlserver.jdbc.SQLServerConnection.connect(SQLServerConnection.java:827)
	at com.microsoft.sqlserver.jdbc.SQLServerDriver.connect(SQLServerDriver.java:1012)
	at java.sql.DriverManager.gectonnection(DriverManager.java:579)
	at java.sql.DriverManager.gectonnection(DriverManager.java:190)
	at org.springframework.jdbc.datasource.DriverManagerDataSource.gectonnectionFromDriverManager(DriverManagerDataSource.java:174)
	at org.springframework.jdbc.datasource.DriverManagerDataSource.gectonnectionFromDriver(DriverManagerDataSource.java:165)
	at org.springframework.jdbc.datasource.AbstractDriverBasedDataSource.gectonnectionFromDriver(AbstractDriverBasedDataSource.java:149)
	at org.springframework.jdbc.datasource.AbstractDriverBasedDataSource.gectonnection(AbstractDriverBasedDataSource.java:119)
	at org.springframework.orm.hibernate3.LocalDataSourceConnectionProvider.gectonnection(LocalDataSourceConnectionProvider.java:82)
	at org.hibernate.cfg.SettingsFactory.buildSettings(SettingsFactory.java:84)
	at org.hibernate.cfg.Configuration.buildSettings(Configuration.java:2009)
	at org.hibernate.cfg.Configuration.buildSessionFactory(Configuration.java:1292)
	at org.hibernate.cfg.AnnotationConfiguration.buildSessionFactory(AnnotationConfiguration.java:859)
	at org.springframework.orm.hibernate3.LocalSessionFactoryBean.newSessionFactory(LocalSessionFactoryBean.java:814)
	at org.springframework.orm.hibernate3.LocalSessionFactoryBean.buildSessionFactory(LocalSessionFactoryBean.java:732)
	at org.springframework.orm.hibernate3.AbstractSessionFactoryBean.afterPropertiesSet(AbstractSessionFactoryBean.java:211)
	at org.springframework.beans.factory.support.AbstractAutowireCapableBeanFactory.invokeInitMethods(AbstractAutowireCapableBeanFactory.java:1369)
	at org.springframework.beans.factory.support.AbstractAutowireCapableBeanFactory.initializeBean(AbstractAutowireCapableBeanFactory.java:1335)
	at org.springframework.beans.factory.support.AbstractAutowireCapableBeanFactory.doCreateBean(AbstractAutowireCapableBeanFactory.java:473)
	at org.springframework.beans.factory.support.AbstractAutowireCapableBeanFactory$1.run(AbstractAutowireCapableBeanFactory.java:409)
	at java.security.AccessController.doPrivileged(Native Method)
	at org.springframework.beans.factory.support.AbstractAutowireCapableBeanFactory.createBean(AbstractAutowireCapableBeanFactory.java:380)
	at org.springframework.beans.factory.support.AbstractBeanFactory$1.getObject(AbstractBeanFactory.java:264)
	at org.springframework.beans.factory.support.DefaultSingletonBeanRegistry.getSingleton(DefaultSingletonBeanRegistry.java:222)
	at org.springframework.beans.factory.support.AbstractBeanFactory.doGetBean(AbstractBeanFactory.java:261)
	at org.springframework.beans.factory.support.AbstractBeanFactory.getBean(AbstractBeanFactory.java:185)
	at org.springframework.beans.factory.support.AbstractBeanFactory.getBean(AbstractBeanFactory.java:164)
	at org.springframework.beans.factory.support.DefaultListableBeanFactory.preInstantiateSingletons(DefaultListableBeanFactory.java:423)
	at org.springframework.context.support.AbstractApplicationContext.finishBeanFactoryInitialization(AbstractApplicationContext.java:728)
	at org.springframework.context.support.AbstractApplicationContext.refresh(AbstractApplicationContext.java:380)
	at org.springframework.context.support.ClassPathXmlApplicationContext.<init>(ClassPathXmlApplicationContext.java:139)
	at org.springframework.context.support.ClassPathXmlApplicationContext.<init>(ClassPathXmlApplicationContext.java:83)
	at com.ect.test.app.Test.main(Test.java:38)
[ectDao][INFO] 2013-09-22 03:08:09.753 main [com.ect.test.app.Test:26]Test!!
[ectDao][INFO] 2013-09-22 03:08:10.551 main [org.springframework.orm.hibernate3.annotation.AnnotationSessionFactoryBean:730]Building new Hibernate SessionFactory
[ectDao][WARN] 2013-09-22 03:08:25.161 main [org.hibernate.util.JDBCExceptionReporter:77]SQL Error: 0, SQLState: 08S01
[ectDao][ERROR] 2013-09-22 03:08:25.161 main [org.hibernate.util.JDBCExceptionReporter:78]The TCP/IP connection to the host //localhost/MSSQLSERVER, port 1433 has failed. Error: "null. Verify the connection properties. Make sure that an instance of SQL Server is running on the host and accepting TCP/IP connections at the port. Make sure that TCP connections to the port are not blocked by a firewall.".
[ectDao][WARN] 2013-09-22 03:08:25.162 main [org.hibernate.cfg.SettingsFactory:117]Could not obtain connection metadata
com.microsoft.sqlserver.jdbc.SQLServerException: The TCP/IP connection to the host //localhost/MSSQLSERVER, port 1433 has failed. Error: "null. Verify the connection properties. Make sure that an instance of SQL Server is running on the host and accepting TCP/IP connections at the port. Make sure that TCP connections to the port are not blocked by a firewall.".
	at com.microsoft.sqlserver.jdbc.SQLServerException.makeFromDriverError(SQLServerException.java:190)
	at com.microsoft.sqlserver.jdbc.SQLServerException.ConvertConnectExceptionToSQLServerException(SQLServerException.java:241)
	at com.microsoft.sqlserver.jdbc.SocketFinder.findSocket(IOBuffer.java:2243)
	at com.microsoft.sqlserver.jdbc.TDSChannel.open(IOBuffer.java:491)
	at com.microsoft.sqlserver.jdbc.SQLServerConnection.connectHelper(SQLServerConnection.java:1309)
	at com.microsoft.sqlserver.jdbc.SQLServerConnection.login(SQLServerConnection.java:991)
	at com.microsoft.sqlserver.jdbc.SQLServerConnection.connect(SQLServerConnection.java:827)
	at com.microsoft.sqlserver.jdbc.SQLServerDriver.connect(SQLServerDriver.java:1012)
	at java.sql.DriverManager.gectonnection(DriverManager.java:579)
	at java.sql.DriverManager.gectonnection(DriverManager.java:190)
	at org.springframework.jdbc.datasource.DriverManagerDataSource.gectonnectionFromDriverManager(DriverManagerDataSource.java:174)
	at org.springframework.jdbc.datasource.DriverManagerDataSource.gectonnectionFromDriver(DriverManagerDataSource.java:165)
	at org.springframework.jdbc.datasource.AbstractDriverBasedDataSource.gectonnectionFromDriver(AbstractDriverBasedDataSource.java:149)
	at org.springframework.jdbc.datasource.AbstractDriverBasedDataSource.gectonnection(AbstractDriverBasedDataSource.java:119)
	at org.springframework.orm.hibernate3.LocalDataSourceConnectionProvider.gectonnection(LocalDataSourceConnectionProvider.java:82)
	at org.hibernate.cfg.SettingsFactory.buildSettings(SettingsFactory.java:84)
	at org.hibernate.cfg.Configuration.buildSettings(Configuration.java:2009)
	at org.hibernate.cfg.Configuration.buildSessionFactory(Configuration.java:1292)
	at org.hibernate.cfg.AnnotationConfiguration.buildSessionFactory(AnnotationConfiguration.java:859)
	at org.springframework.orm.hibernate3.LocalSessionFactoryBean.newSessionFactory(LocalSessionFactoryBean.java:814)
	at org.springframework.orm.hibernate3.LocalSessionFactoryBean.buildSessionFactory(LocalSessionFactoryBean.java:732)
	at org.springframework.orm.hibernate3.AbstractSessionFactoryBean.afterPropertiesSet(AbstractSessionFactoryBean.java:211)
	at org.springframework.beans.factory.support.AbstractAutowireCapableBeanFactory.invokeInitMethods(AbstractAutowireCapableBeanFactory.java:1369)
	at org.springframework.beans.factory.support.AbstractAutowireCapableBeanFactory.initializeBean(AbstractAutowireCapableBeanFactory.java:1335)
	at org.springframework.beans.factory.support.AbstractAutowireCapableBeanFactory.doCreateBean(AbstractAutowireCapableBeanFactory.java:473)
	at org.springframework.beans.factory.support.AbstractAutowireCapableBeanFactory$1.run(AbstractAutowireCapableBeanFactory.java:409)
	at java.security.AccessController.doPrivileged(Native Method)
	at org.springframework.beans.factory.support.AbstractAutowireCapableBeanFactory.createBean(AbstractAutowireCapableBeanFactory.java:380)
	at org.springframework.beans.factory.support.AbstractBeanFactory$1.getObject(AbstractBeanFactory.java:264)
	at org.springframework.beans.factory.support.DefaultSingletonBeanRegistry.getSingleton(DefaultSingletonBeanRegistry.java:222)
	at org.springframework.beans.factory.support.AbstractBeanFactory.doGetBean(AbstractBeanFactory.java:261)
	at org.springframework.beans.factory.support.AbstractBeanFactory.getBean(AbstractBeanFactory.java:185)
	at org.springframework.beans.factory.support.AbstractBeanFactory.getBean(AbstractBeanFactory.java:164)
	at org.springframework.beans.factory.support.DefaultListableBeanFactory.preInstantiateSingletons(DefaultListableBeanFactory.java:423)
	at org.springframework.context.support.AbstractApplicationContext.finishBeanFactoryInitialization(AbstractApplicationContext.java:728)
	at org.springframework.context.support.AbstractApplicationContext.refresh(AbstractApplicationContext.java:380)
	at org.springframework.context.support.ClassPathXmlApplicationContext.<init>(ClassPathXmlApplicationContext.java:139)
	at org.springframework.context.support.ClassPathXmlApplicationContext.<init>(ClassPathXmlApplicationContext.java:83)
	at com.ect.test.app.Test.main(Test.java:38)
[ectDao][INFO] 2013-09-22 03:08:52.139 main [com.ect.test.app.Test:26]Test!!
[ectDao][INFO] 2013-09-22 03:08:52.938 main [org.springframework.orm.hibernate3.annotation.AnnotationSessionFactoryBean:730]Building new Hibernate SessionFactory
[ectDao][INFO] 2013-09-22 03:10:27.909 main [com.ect.test.app.Test:26]Test!!
[ectDao][INFO] 2013-09-22 03:10:28.817 main [org.springframework.orm.hibernate3.annotation.AnnotationSessionFactoryBean:730]Building new Hibernate SessionFactory
[ectDao][INFO] 2013-09-22 03:15:41.125 main [com.ect.test.app.Test:26]Test!!
[ectDao][INFO] 2013-09-22 03:15:42.011 main [org.springframework.orm.hibernate3.annotation.AnnotationSessionFactoryBean:730]Building new Hibernate SessionFactory
[ectDao][INFO] 2013-09-22 03:18:30.022 main [com.ect.test.app.Test:26]Test!!
[ectDao][INFO] 2013-09-22 03:18:30.854 main [org.springframework.orm.hibernate3.annotation.AnnotationSessionFactoryBean:730]Building new Hibernate SessionFactory
[ectDao][INFO] 2013-09-22 03:18:41.624 main [com.ect.test.app.Test:26]Test!!
[ectDao][INFO] 2013-09-22 03:18:42.495 main [org.springframework.orm.hibernate3.annotation.AnnotationSessionFactoryBean:730]Building new Hibernate SessionFactory
[ectDao][INFO] 2013-09-22 03:19:03.887 main [com.ect.test.app.Test:26]Test!!
[ectDao][INFO] 2013-09-22 03:19:04.739 main [org.springframework.orm.hibernate3.annotation.AnnotationSessionFactoryBean:730]Building new Hibernate SessionFactory
[ectDao][INFO] 2013-09-22 03:19:05.573 main [com.ect.test.app.Test:41]spring hibernate!!
[ectDao][INFO] 2013-09-22 03:19:05.574 main [com.ect.test.dao.impl.ContractDaoImpl:31]getAllListContract
[ectDao][DEBUG] 2013-09-22 03:19:05.588 main [org.springframework.orm.hibernate3.SessionFactoryUtils:318]Opening Hibernate Session
[ectDao][WARN] 2013-09-22 03:19:05.760 main [org.hibernate.util.JDBCExceptionReporter:77]SQL Error: 0, SQLState: S1093
[ectDao][ERROR] 2013-09-22 03:19:05.761 main [org.hibernate.util.JDBCExceptionReporter:78]The column name contractID is not valid.
[ectDao][DEBUG] 2013-09-22 03:19:05.815 main [org.springframework.orm.hibernate3.SessionFactoryUtils:789]Closing Hibernate Session
[ectDao][INFO] 2013-09-22 03:20:44.623 main [com.ect.test.app.Test:26]Test!!
[ectDao][INFO] 2013-09-22 03:20:45.467 main [org.springframework.orm.hibernate3.annotation.AnnotationSessionFactoryBean:730]Building new Hibernate SessionFactory
[ectDao][INFO] 2013-09-22 03:20:46.285 main [com.ect.test.app.Test:41]spring hibernate!!
[ectDao][INFO] 2013-09-22 03:20:46.285 main [com.ect.test.dao.impl.ContractDaoImpl:31]getAllListContract
[ectDao][DEBUG] 2013-09-22 03:20:46.295 main [org.springframework.orm.hibernate3.SessionFactoryUtils:318]Opening Hibernate Session
[ectDao][DEBUG] 2013-09-22 03:20:46.505 main [org.springframework.orm.hibernate3.HibernateTemplate:389]Eagerly flushing Hibernate session
[ectDao][DEBUG] 2013-09-22 03:20:46.511 main [org.springframework.orm.hibernate3.SessionFactoryUtils:789]Closing Hibernate Session
[ectDao][DEBUG] 2013-09-22 03:20:46.514 main [com.ect.test.app.Test:45]com.ect.test.entity.Contract[ contractID=3 ]
[ectDao][DEBUG] 2013-09-22 03:20:46.514 main [com.ect.test.app.Test:45]com.ect.test.entity.Contract[ contractID=4 ]
[ectDao][INFO] 2013-09-22 03:49:51.431 main [com.ect.test.app.Test:29]Test!!
[ectDao][INFO] 2013-09-22 03:49:52.233 main [org.springframework.orm.hibernate3.annotation.AnnotationSessionFactoryBean:730]Building new Hibernate SessionFactory
[ectDao][INFO] 2013-09-22 03:49:53.123 main [com.ect.test.app.Test:44]spring hibernate!!
[ectDao][INFO] 2013-09-22 03:49:53.124 main [com.ect.test.dao.impl.ContractDaoImpl:31]getAllListContract
[ectDao][DEBUG] 2013-09-22 03:49:53.132 main [org.springframework.orm.hibernate3.SessionFactoryUtils:318]Opening Hibernate Session
[ectDao][DEBUG] 2013-09-22 03:49:53.300 main [org.springframework.orm.hibernate3.HibernateTemplate:389]Eagerly flushing Hibernate session
[ectDao][DEBUG] 2013-09-22 03:49:53.305 main [org.springframework.orm.hibernate3.SessionFactoryUtils:789]Closing Hibernate Session
[ectDao][DEBUG] 2013-09-22 03:49:53.307 main [com.ect.test.app.Test:48]com.ect.test.entity.Contract[ contractID=3 ]
[ectDao][DEBUG] 2013-09-22 03:49:53.307 main [com.ect.test.app.Test:48]com.ect.test.entity.Contract[ contractID=4 ]
[ectDao][INFO] 2013-09-22 04:13:25.692 main [com.ect.test.app.Test:29]Test!!
[ectDao][INFO] 2013-09-22 04:13:26.686 main [org.springframework.orm.hibernate3.annotation.AnnotationSessionFactoryBean:780]Building new Hibernate SessionFactory
[ectDao][INFO] 2013-09-22 04:13:27.456 main [com.ect.test.app.Test:44]spring hibernate!!
[ectDao][INFO] 2013-09-22 04:13:27.457 main [com.ect.test.dao.impl.ContractDaoImpl:31]getAllListContract
[ectDao][DEBUG] 2013-09-22 04:13:27.483 main [org.springframework.orm.hibernate3.SessionFactoryUtils:322]Opening Hibernate Session
[ectDao][DEBUG] 2013-09-22 04:13:27.637 main [org.springframework.orm.hibernate3.HibernateTemplate:389]Eagerly flushing Hibernate session
[ectDao][DEBUG] 2013-09-22 04:13:27.641 main [org.springframework.orm.hibernate3.SessionFactoryUtils:800]Closing Hibernate Session
[ectDao][DEBUG] 2013-09-22 04:13:27.644 main [com.ect.test.app.Test:48]com.ect.test.entity.Contract[ contractID=3 ]
[ectDao][DEBUG] 2013-09-22 04:13:27.644 main [com.ect.test.app.Test:48]com.ect.test.entity.Contract[ contractID=4 ]
[ectDao][INFO] 2013-09-22 04:20:27.549 main [com.ect.test.app.Test:29]Test!!
[ectDao][INFO] 2013-09-22 04:20:28.482 main [org.springframework.orm.hibernate3.annotation.AnnotationSessionFactoryBean:780]Building new Hibernate SessionFactory
[ectDao][INFO] 2013-09-22 04:20:29.265 main [com.ect.test.app.Test:44]spring hibernate!!
[ectDao][INFO] 2013-09-22 04:20:29.266 main [com.ect.test.dao.impl.ContractDaoImpl:31]getAllListContract
[ectDao][DEBUG] 2013-09-22 04:20:29.276 main [org.springframework.orm.hibernate3.SessionFactoryUtils:322]Opening Hibernate Session
[ectDao][DEBUG] 2013-09-22 04:20:29.445 main [org.springframework.orm.hibernate3.HibernateTemplate:389]Eagerly flushing Hibernate session
[ectDao][DEBUG] 2013-09-22 04:20:29.449 main [org.springframework.orm.hibernate3.SessionFactoryUtils:800]Closing Hibernate Session
[ectDao][DEBUG] 2013-09-22 04:20:29.451 main [com.ect.test.app.Test:48]com.ect.test.entity.Contract[ contractID=3 ]
[ectDao][DEBUG] 2013-09-22 04:20:29.452 main [com.ect.test.app.Test:48]com.ect.test.entity.Contract[ contractID=4 ]
[ectDao][INFO] 2013-09-22 04:26:39.690 main [com.ect.test.app.Test:32]Test!!
[ectDao][INFO] 2013-09-22 04:26:39.693 main [com.ect.test.app.Test:47]spring hibernate!!
[ectDao][INFO] 2013-09-22 04:32:21.775 main [org.springframework.orm.hibernate3.annotation.AnnotationSessionFactoryBean:780]Building new Hibernate SessionFactory
[ectDao][INFO] 2013-09-22 04:32:22.765 main [com.ect.test.dao.impl.ContractDaoImpl:31]getAllListContract
[ectDao][DEBUG] 2013-09-22 04:32:22.777 main [org.springframework.orm.hibernate3.SessionFactoryUtils:322]Opening Hibernate Session
[ectDao][DEBUG] 2013-09-22 04:32:22.975 main [org.springframework.orm.hibernate3.HibernateTemplate:389]Eagerly flushing Hibernate session
[ectDao][DEBUG] 2013-09-22 04:32:22.981 main [org.springframework.orm.hibernate3.SessionFactoryUtils:800]Closing Hibernate Session
[ectDao][INFO] 2013-09-22 04:32:23.006 Thread-1 [org.springframework.orm.hibernate3.annotation.AnnotationSessionFactoryBean:223]Closing Hibernate SessionFactory
[ectDao][INFO] 2013-09-22 04:32:30.198 main [org.springframework.orm.hibernate3.annotation.AnnotationSessionFactoryBean:780]Building new Hibernate SessionFactory
[ectDao][INFO] 2013-09-22 04:32:31.048 main [com.ect.test.dao.impl.ContractDaoImpl:31]getAllListContract
[ectDao][DEBUG] 2013-09-22 04:32:31.064 main [org.springframework.orm.hibernate3.SessionFactoryUtils:322]Opening Hibernate Session
[ectDao][DEBUG] 2013-09-22 04:32:31.218 main [org.springframework.orm.hibernate3.HibernateTemplate:389]Eagerly flushing Hibernate session
[ectDao][DEBUG] 2013-09-22 04:32:31.222 main [org.springframework.orm.hibernate3.SessionFactoryUtils:800]Closing Hibernate Session
[ectDao][INFO] 2013-09-22 04:32:31.244 Thread-1 [org.springframework.orm.hibernate3.annotation.AnnotationSessionFactoryBean:223]Closing Hibernate SessionFactory
[ectDao][INFO] 2013-09-22 04:33:19.905 main [org.springframework.orm.hibernate3.annotation.AnnotationSessionFactoryBean:780]Building new Hibernate SessionFactory
[ectDao][INFO] 2013-09-22 04:33:20.775 main [com.ect.dbmrgdao.Test:33]Test!!
[ectDao][INFO] 2013-09-22 04:33:20.775 main [com.ect.dbmrgdao.Test:48]spring hibernate!!
[ectDao][INFO] 2013-09-22 04:33:20.775 main [com.ect.test.dao.impl.ContractDaoImpl:31]getAllListContract
[ectDao][DEBUG] 2013-09-22 04:33:20.787 main [org.springframework.orm.hibernate3.SessionFactoryUtils:322]Opening Hibernate Session
[ectDao][DEBUG] 2013-09-22 04:33:20.961 main [org.springframework.orm.hibernate3.HibernateTemplate:389]Eagerly flushing Hibernate session
[ectDao][DEBUG] 2013-09-22 04:33:20.966 main [org.springframework.orm.hibernate3.SessionFactoryUtils:800]Closing Hibernate Session
[ectDao][DEBUG] 2013-09-22 04:33:20.969 main [com.ect.dbmrgdao.Test:52]com.ect.test.entity.Contract[ contractID=3 ]
[ectDao][DEBUG] 2013-09-22 04:33:20.969 main [com.ect.dbmrgdao.Test:52]com.ect.test.entity.Contract[ contractID=4 ]
[ectDao][INFO] 2013-09-22 04:33:21.002 Thread-1 [org.springframework.orm.hibernate3.annotation.AnnotationSessionFactoryBean:223]Closing Hibernate SessionFactory
[ectDao][INFO] 2013-09-22 04:35:57.765 main [org.springframework.orm.hibernate3.annotation.AnnotationSessionFactoryBean:780]Building new Hibernate SessionFactory
[ectDao][INFO] 2013-09-22 04:35:58.621 main [com.ect.test.dao.impl.ContractDaoImpl:31]getAllListContract
[ectDao][DEBUG] 2013-09-22 04:35:58.632 main [org.springframework.orm.hibernate3.SessionFactoryUtils:322]Opening Hibernate Session
[ectDao][DEBUG] 2013-09-22 04:35:58.790 main [org.springframework.orm.hibernate3.HibernateTemplate:389]Eagerly flushing Hibernate session
[ectDao][DEBUG] 2013-09-22 04:35:58.794 main [org.springframework.orm.hibernate3.SessionFactoryUtils:800]Closing Hibernate Session
[ectDao][INFO] 2013-09-22 04:35:58.822 Thread-1 [org.springframework.orm.hibernate3.annotation.AnnotationSessionFactoryBean:223]Closing Hibernate SessionFactory
[ectDao][INFO] 2013-09-22 04:37:22.705 main [org.springframework.orm.hibernate3.annotation.AnnotationSessionFactoryBean:780]Building new Hibernate SessionFactory
[ectDao][DEBUG] 2013-09-22 04:37:23.572 main [org.springframework.orm.hibernate3.SessionFactoryUtils:322]Opening Hibernate Session
[ectDao][DEBUG] 2013-09-22 04:37:23.726 main [org.springframework.orm.hibernate3.HibernateTemplate:389]Eagerly flushing Hibernate session
[ectDao][DEBUG] 2013-09-22 04:37:23.730 main [org.springframework.orm.hibernate3.SessionFactoryUtils:800]Closing Hibernate Session
[ectDao][INFO] 2013-09-22 04:37:23.753 Thread-1 [org.springframework.orm.hibernate3.annotation.AnnotationSessionFactoryBean:223]Closing Hibernate SessionFactory
[ectDao][INFO] 2013-09-22 04:37:59.631 main [org.springframework.orm.hibernate3.annotation.AnnotationSessionFactoryBean:780]Building new Hibernate SessionFactory
[ectDao][DEBUG] 2013-09-22 04:38:00.471 main [org.springframework.orm.hibernate3.SessionFactoryUtils:322]Opening Hibernate Session
[ectDao][DEBUG] 2013-09-22 04:38:00.629 main [org.springframework.orm.hibernate3.HibernateTemplate:389]Eagerly flushing Hibernate session
[ectDao][DEBUG] 2013-09-22 04:38:00.633 main [org.springframework.orm.hibernate3.SessionFactoryUtils:800]Closing Hibernate Session
[ectDao][INFO] 2013-09-22 04:38:00.658 Thread-1 [org.springframework.orm.hibernate3.annotation.AnnotationSessionFactoryBean:223]Closing Hibernate SessionFactory
[ectDao][INFO] 2013-09-22 04:38:11.872 main [org.springframework.orm.hibernate3.annotation.AnnotationSessionFactoryBean:780]Building new Hibernate SessionFactory
[ectDao][DEBUG] 2013-09-22 04:38:12.730 main [org.springframework.orm.hibernate3.SessionFactoryUtils:322]Opening Hibernate Session
[ectDao][DEBUG] 2013-09-22 04:38:12.906 main [org.springframework.orm.hibernate3.HibernateTemplate:389]Eagerly flushing Hibernate session
[ectDao][DEBUG] 2013-09-22 04:38:12.910 main [org.springframework.orm.hibernate3.SessionFactoryUtils:800]Closing Hibernate Session
[ectDao][DEBUG] 2013-09-22 04:38:12.923 main [org.springframework.orm.hibernate3.SessionFactoryUtils:322]Opening Hibernate Session
[ectDao][DEBUG] 2013-09-22 04:38:12.938 main [org.springframework.orm.hibernate3.HibernateTemplate:389]Eagerly flushing Hibernate session
[ectDao][DEBUG] 2013-09-22 04:38:12.939 main [org.springframework.orm.hibernate3.SessionFactoryUtils:800]Closing Hibernate Session
[ectDao][INFO] 2013-09-22 04:38:12.946 Thread-1 [org.springframework.orm.hibernate3.annotation.AnnotationSessionFactoryBean:223]Closing Hibernate SessionFactory
[ectDao][INFO] 2013-09-22 04:38:22.623 main [org.springframework.orm.hibernate3.annotation.AnnotationSessionFactoryBean:780]Building new Hibernate SessionFactory
[ectDao][DEBUG] 2013-09-22 04:38:23.481 main [org.springframework.orm.hibernate3.SessionFactoryUtils:322]Opening Hibernate Session
[ectDao][DEBUG] 2013-09-22 04:38:23.653 main [org.springframework.orm.hibernate3.HibernateTemplate:389]Eagerly flushing Hibernate session
[ectDao][DEBUG] 2013-09-22 04:38:23.657 main [org.springframework.orm.hibernate3.SessionFactoryUtils:800]Closing Hibernate Session
[ectDao][DEBUG] 2013-09-22 04:38:23.668 main [org.springframework.orm.hibernate3.SessionFactoryUtils:322]Opening Hibernate Session
[ectDao][DEBUG] 2013-09-22 04:38:23.685 main [org.springframework.orm.hibernate3.HibernateTemplate:389]Eagerly flushing Hibernate session
[ectDao][DEBUG] 2013-09-22 04:38:23.686 main [org.springframework.orm.hibernate3.SessionFactoryUtils:800]Closing Hibernate Session
[ectDao][INFO] 2013-09-22 04:38:23.697 Thread-1 [org.springframework.orm.hibernate3.annotation.AnnotationSessionFactoryBean:223]Closing Hibernate SessionFactory
[ectDao][INFO] 2013-09-22 04:38:41.499 main [org.springframework.orm.hibernate3.annotation.AnnotationSessionFactoryBean:780]Building new Hibernate SessionFactory
[ectDao][DEBUG] 2013-09-22 04:38:42.385 main [org.springframework.orm.hibernate3.SessionFactoryUtils:322]Opening Hibernate Session
[ectDao][DEBUG] 2013-09-22 04:38:42.548 main [org.springframework.orm.hibernate3.HibernateTemplate:389]Eagerly flushing Hibernate session
[ectDao][DEBUG] 2013-09-22 04:38:42.553 main [org.springframework.orm.hibernate3.SessionFactoryUtils:800]Closing Hibernate Session
[ectDao][DEBUG] 2013-09-22 04:38:42.565 main [org.springframework.orm.hibernate3.SessionFactoryUtils:322]Opening Hibernate Session
[ectDao][DEBUG] 2013-09-22 04:38:42.582 main [org.springframework.orm.hibernate3.HibernateTemplate:389]Eagerly flushing Hibernate session
[ectDao][DEBUG] 2013-09-22 04:38:42.582 main [org.springframework.orm.hibernate3.SessionFactoryUtils:800]Closing Hibernate Session
[ectDao][INFO] 2013-09-22 04:38:42.591 Thread-1 [org.springframework.orm.hibernate3.annotation.AnnotationSessionFactoryBean:223]Closing Hibernate SessionFactory
